<?xml version="1.0" encoding="UTF-8"?>
<!-- Generated by org.testng.reporters.JUnitXMLReporter -->
<testsuite hostname="pallavi-testing" ignored="0" name="Default test" tests="3" failures="0" timestamp="23 Jun 2019 09:07:47 GMT" time="0.129" errors="0">
  <testcase name="f3" time="0.029" classname="MultipleXmlPack.smoke2"/>
  <testcase name="f4" time="0.003" classname="MultipleXmlPack.smoke2"/>
  <testcase name="f5" time="0.004" classname="MultipleXmlPack.smoke2"/>
</testsuite> <!-- Default test -->
