<?xml version="1.0" encoding="UTF-8"?>
<!-- Generated by org.testng.reporters.JUnitXMLReporter -->
<testsuite hostname="pallavi-testing" ignored="0" name="chrome" tests="1" failures="0" timestamp="22 Jun 2019 14:20:02 GMT" time="14.434" errors="0">
  <testcase name="@AfterTest afterTest" time="0.001" classname="pack1.MultiBrowserTesting">
    <failure type="java.lang.NullPointerException">
      <![CDATA[java.lang.NullPointerException
at pack1.MultiBrowserTesting.afterTest(MultiBrowserTesting.java:49)
at java.util.concurrent.FutureTask.run(Unknown Source)
at java.util.concurrent.ThreadPoolExecutor.runWorker(Unknown Source)
at java.util.concurrent.ThreadPoolExecutor$Worker.run(Unknown Source)
at java.lang.Thread.run(Unknown Source)
... Removed 15 stack frames]]>
    </failure>
  </testcase> <!-- @AfterTest afterTest -->
  <testcase name="login" time="9.281" classname="pack1.MultiBrowserTesting"/>
</testsuite> <!-- chrome -->
