<?xml version="1.0" encoding="UTF-8"?>
<!-- Generated by org.testng.reporters.JUnitXMLReporter -->
<testsuite hostname="pallavi-testing" ignored="0" name="FirefoxTest" tests="1" failures="1" timestamp="22 Jun 2019 14:19:55 GMT" time="7.848" errors="0">
  <testcase name="@AfterTest afterTest" time="0.001" classname="pack1.MultiBrowserTesting">
    <failure type="java.lang.NullPointerException">
      <![CDATA[java.lang.NullPointerException
at pack1.MultiBrowserTesting.afterTest(MultiBrowserTesting.java:49)
at java.util.concurrent.FutureTask.run(Unknown Source)
at java.util.concurrent.ThreadPoolExecutor.runWorker(Unknown Source)
at java.util.concurrent.ThreadPoolExecutor$Worker.run(Unknown Source)
at java.lang.Thread.run(Unknown Source)
... Removed 15 stack frames]]>
    </failure>
  </testcase> <!-- @AfterTest afterTest -->
  <testcase name="login" time="0.021" classname="pack1.MultiBrowserTesting">
    <failure type="java.lang.NullPointerException">
      <![CDATA[java.lang.NullPointerException
at pack1.MultiBrowserTesting.login(MultiBrowserTesting.java:40)
at java.util.concurrent.FutureTask.run(Unknown Source)
at java.util.concurrent.ThreadPoolExecutor.runWorker(Unknown Source)
at java.util.concurrent.ThreadPoolExecutor$Worker.run(Unknown Source)
at java.lang.Thread.run(Unknown Source)
... Removed 16 stack frames]]>
    </failure>
  </testcase> <!-- login -->
</testsuite> <!-- FirefoxTest -->
