<?xml version="1.0" encoding="UTF-8"?>
<!-- Generated by org.testng.reporters.JUnitXMLReporter -->
<testsuite hostname="pallavi-testing" ignored="1" name="Practice Grouping" tests="4" failures="0" timestamp="19 Jun 2019 07:42:37 GMT" time="0.077" errors="0">
  <testcase name="f" time="0.011" classname="pack1.GroupsExample2"/>
  <testcase name="f" time="0.002" classname="pack1.GroupsExample"/>
  <testcase name="f2" time="0.002" classname="pack1.GroupsExample"/>
  <testcase name="ff" time="0.001" classname="pack1.GroupsExample"/>
  <testcase name="f2" time="0.0" classname="pack1.GroupsExample2">
    <ignored/>
  </testcase> <!-- f2 -->
</testsuite> <!-- Practice Grouping -->
