<?xml version="1.0" encoding="UTF-8"?>
<!-- Generated by org.testng.reporters.JUnitXMLReporter -->
<testsuite hostname="pallavi-testing" ignored="0" name="tools qa" tests="4" failures="0" timestamp="19 Jun 2019 07:10:42 GMT" time="0.08" errors="0">
  <testcase name="f" time="0.006" classname="pack1.TestNGAnnotations"/>
  <testcase name="f2" time="0.002" classname="pack1.TestNGAnnotations"/>
  <testcase name="f" time="0.006" classname="pack1.TestNGAnnotations2"/>
  <testcase name="f2" time="0.002" classname="pack1.TestNGAnnotations2"/>
</testsuite> <!-- tools qa -->
