<?xml version="1.0" encoding="UTF-8"?>
<!-- Generated by org.testng.reporters.JUnitXMLReporter -->
<testsuite hostname="pallavi-testing" ignored="0" name="SmokeTest" tests="5" failures="0" timestamp="23 Jun 2019 09:10:28 GMT" time="0.315" errors="0">
  <testcase name="f3" time="0.019" classname="MultipleXmlPack.smoke2"/>
  <testcase name="f4" time="0.004" classname="MultipleXmlPack.smoke2"/>
  <testcase name="f5" time="0.007" classname="MultipleXmlPack.smoke2"/>
  <testcase name="f1" time="0.004" classname="MultipleXmlPack.smoke"/>
  <testcase name="f2" time="0.002" classname="MultipleXmlPack.smoke"/>
</testsuite> <!-- SmokeTest -->
