<?xml version="1.0" encoding="UTF-8"?>
<testng-results skipped="0" failed="0" ignored="0" total="8" passed="8">
  <reporter-output>
  </reporter-output>
  <suite name="RegressionSuite" duration-ms="294" started-at="2019-06-23T09:18:34Z" finished-at="2019-06-23T09:18:35Z">
    <groups>
    </groups>
    <test name="RegressionTest" duration-ms="121" started-at="2019-06-23T09:18:34Z" finished-at="2019-06-23T09:18:35Z">
      <class name="MultipleXmlPack.Regression">
        <test-method status="PASS" signature="f6()[pri:0, instance:MultipleXmlPack.Regression@5d5eef3d]" name="f6" duration-ms="22" started-at="2019-06-23T09:18:34Z" finished-at="2019-06-23T09:18:34Z">
          <reporter-output>
          </reporter-output>
        </test-method> <!-- f6 -->
        <test-method status="PASS" signature="f7()[pri:0, instance:MultipleXmlPack.Regression@5d5eef3d]" name="f7" duration-ms="21" started-at="2019-06-23T09:18:34Z" finished-at="2019-06-23T09:18:34Z">
          <reporter-output>
          </reporter-output>
        </test-method> <!-- f7 -->
        <test-method status="PASS" signature="f8()[pri:0, instance:MultipleXmlPack.Regression@5d5eef3d]" name="f8" duration-ms="2" started-at="2019-06-23T09:18:34Z" finished-at="2019-06-23T09:18:34Z">
          <reporter-output>
          </reporter-output>
        </test-method> <!-- f8 -->
      </class> <!-- MultipleXmlPack.Regression -->
    </test> <!-- RegressionTest -->
    <test name="SmokeTest" duration-ms="61" started-at="2019-06-23T09:18:35Z" finished-at="2019-06-23T09:18:35Z">
      <class name="MultipleXmlPack.smoke">
        <test-method status="PASS" signature="f1()[pri:0, instance:MultipleXmlPack.smoke@8bd1b6a]" name="f1" duration-ms="2" started-at="2019-06-23T09:18:35Z" finished-at="2019-06-23T09:18:35Z">
          <reporter-output>
          </reporter-output>
        </test-method> <!-- f1 -->
        <test-method status="PASS" signature="f2()[pri:0, instance:MultipleXmlPack.smoke@8bd1b6a]" name="f2" duration-ms="2" started-at="2019-06-23T09:18:35Z" finished-at="2019-06-23T09:18:35Z">
          <reporter-output>
          </reporter-output>
        </test-method> <!-- f2 -->
      </class> <!-- MultipleXmlPack.smoke -->
      <class name="MultipleXmlPack.smoke2">
        <test-method status="PASS" signature="f3()[pri:0, instance:MultipleXmlPack.smoke2@55f3ddb1]" name="f3" duration-ms="10" started-at="2019-06-23T09:18:35Z" finished-at="2019-06-23T09:18:35Z">
          <reporter-output>
          </reporter-output>
        </test-method> <!-- f3 -->
        <test-method status="PASS" signature="f4()[pri:0, instance:MultipleXmlPack.smoke2@55f3ddb1]" name="f4" duration-ms="3" started-at="2019-06-23T09:18:35Z" finished-at="2019-06-23T09:18:35Z">
          <reporter-output>
          </reporter-output>
        </test-method> <!-- f4 -->
        <test-method status="PASS" signature="f5()[pri:0, instance:MultipleXmlPack.smoke2@55f3ddb1]" name="f5" duration-ms="6" started-at="2019-06-23T09:18:35Z" finished-at="2019-06-23T09:18:35Z">
          <reporter-output>
          </reporter-output>
        </test-method> <!-- f5 -->
      </class> <!-- MultipleXmlPack.smoke2 -->
    </test> <!-- SmokeTest -->
  </suite> <!-- RegressionSuite -->
</testng-results>
